[2025-11-11 08:14:18] === INÍCIO DO PROCESSAMENTO ===
[2025-11-11 08:14:18] Encontrados 1 arquivos para processar.
[2025-11-11 08:14:18] [32mCopiado (faststart): Buceta doce libera sucos.mp4[0m
[2025-11-11 08:14:18] 
=== RESUMO FINAL ===
[2025-11-11 08:14:18] Total: 1
[2025-11-11 08:14:18] Copiados (faststart): 1
[2025-11-11 08:14:18] Reencodados (ultrafast): 0
[2025-11-11 08:14:18] Falhas: 0
[2025-11-11 08:14:18] Tempo total: 0,80 segundos (0,01 min)
[2025-11-11 08:14:18] === FIM ===
[2025-11-11 08:15:25] === INÍCIO DO PROCESSAMENTO ===
[2025-11-11 08:15:26] Encontrados 28 arquivos para processar.
[2025-11-11 08:15:27] [32mCopiado (faststart): 422138185382311 Mp 4.mp4[0m
[2025-11-11 08:15:31] [32mCopiado (faststart): ANAL BRUTO CREME cala a boca vadia para de gemer tão alto e recebe meu sêmen.mp4[0m
[2025-11-11 08:15:34] [32mCopiado (faststart): Dialoghi in italiano La MILF tettona Diana Zilli vi farà sborrare con le sue BESTEMMIE BLASFEME.mp4[0m
[2025-11-11 08:15:42] [32mCopiado (faststart): 10363237 Hq Mp 4.mp4[0m
[2025-11-11 08:15:56] [32mCopiado (faststart): Eu fodo e esguicho na frente de duas jovens se masturbando.mp4[0m
[2025-11-11 08:15:57] [32mCopiado (faststart): Fake photoshoot termina com muito squirt e carga grande SEX-DATER.mp4[0m
[2025-11-11 08:15:58] [32mCopiado (faststart): A mãe da minha amiga quer que eu a foda com muita força.mp4[0m
[2025-11-11 08:16:05] [32mCopiado (faststart): Academia do sexo Ersties Ep 1 de 4 - +300 aplicaram e 1 fã sortuda foi escolhida.mp4[0m
[2025-11-11 08:16:06] [32mCopiado (faststart): Esguicho triplo! Orgasmos jovens magros.mp4[0m
[2025-11-11 08:16:11] [32mCopiado (faststart): GIRLCUM Ela Cums várias vezes! Abella Danger.mp4[0m
[2025-11-11 08:16:12] [32mCopiado (faststart): Atriz pornô colombiana convence um estranho a filmar seu primeiro filme pornô com ela.mp4[0m
[2025-11-11 08:16:34] [32mCopiado (faststart): FAMILYXXX - Stepsis descobre que seu irmão pode fazê-la esguichar (Macy Meadows).mp4[0m
[2025-11-11 08:16:40] [32mCopiado (faststart): Morena Alemã Jovem Amadora Beija e Fode Ao Ar Livre.mp4[0m
[2025-11-11 08:16:43] [32mCopiado (faststart): NEW SENSATIONS - Minha meia-irmã confessa que ela é uma squirter e esguicha no meu pau grande (Macy Meadows).mp4[0m
[2025-11-11 08:16:48] [32mCopiado (faststart): Nosso Aniversário Vira um Trisal com Squirt.mp4[0m
[2025-11-11 08:16:51] [32mCopiado (faststart): A famosa atriz pornô colombiana Tatiana Alvarez transa com um estranho em seu quarto de hotel.mp4[0m
[2025-11-11 08:16:55] [32mCopiado (faststart): Porno Casting mit der sexy blonden Milf.mp4[0m
[2025-11-11 08:17:00] [32mCopiado (faststart): Lésbicas encalhadas dividem pau - Duplo boquete - Transa em pé.mp4[0m
[2025-11-11 08:17:06] [32mCopiado (faststart): Hot Risky Public Sex in the Middle of Berlin with Latin Milf.mp4[0m
[2025-11-11 08:17:15] [32mCopiado (faststart): Jogo da garrafa na praia – Sexo inesquecível com duas mulheres lindas.mp4[0m
[2025-11-11 08:17:15] [32mCopiado (faststart): PRIMEIRO ANAL não aguenta pau no cu ele mija na boca dela SEX-DATER.mp4[0m
[2025-11-11 08:17:34] [32mCopiado (faststart): Public Car Sex Black Guy & Hot Blonde.mp4[0m
[2025-11-11 08:17:39] [32mCopiado (faststart): É uma coisa de encanador parte 2 (curta).mp4[0m
[2025-11-11 08:17:46] [32mCopiado (faststart): Tatiana Alvarez e Maximo Gracias fazem uma foda deliciosa no Brasil.mp4[0m
[2025-11-11 08:17:55] [32mCopiado (faststart): PRIMEIRO GANGBANG S YASMINA, INCLUINDO DUPLA PENETRAÇÃO, VAGINAL DUPLO E ESGUICHO.mp4[0m
[2025-11-11 08:17:59] [32mCopiado (faststart): Sexo arriscado ao ar livre com a morena safada Alemã Milf.mp4[0m
[2025-11-11 08:17:59] [32mCopiado (faststart): Yael ousou brincar com 3 paus e foi esmagada nesse Gangbang! Dp para a buceta FOURSOME.mp4[0m
[2025-11-11 08:18:19] [32mCopiado (faststart): Orgasmo feminino em m. 1h.16 - casal em filme amador.mp4[0m
[2025-11-11 08:18:20] 
=== RESUMO FINAL ===
[2025-11-11 08:18:20] Total: 28
[2025-11-11 08:18:20] Copiados (faststart): 28
[2025-11-11 08:18:20] Reencodados (ultrafast): 0
[2025-11-11 08:18:20] Falhas: 0
[2025-11-11 08:18:20] Tempo total: 174,23 segundos (2,90 min)
[2025-11-11 08:18:20] === FIM ===
[2025-11-11 08:23:45] === INÍCIO DO PROCESSAMENTO ===
[2025-11-11 08:23:45] Encontrados 1 arquivos para processar.
[2025-11-11 08:23:47] [32mCopiado (faststart): Nosso Aniversário Vira um Trisal com Squirt.mp4[0m
[2025-11-11 08:23:47] 
=== RESUMO FINAL ===
[2025-11-11 08:23:47] Total: 1
[2025-11-11 08:23:47] Copiados (faststart): 1
[2025-11-11 08:23:47] Reencodados (ultrafast): 0
[2025-11-11 08:23:47] Falhas: 0
[2025-11-11 08:23:47] Tempo total: 1,74 segundos (0,03 min)
[2025-11-11 08:23:47] === FIM ===
[2025-11-12 10:06:49] === INÍCIO DO PROCESSAMENTO ===
[2025-11-12 10:06:49] Encontrados 13 arquivos para processar.
[2025-11-12 10:06:57] [32mCopiado (faststart): jovem preta destruída por um pau grande.mp4[0m
[2025-11-12 10:07:00] [32mCopiado (faststart): Indianara Jung e amiga gostosa fodendo com a ninfa Lariza Goes em pega sadomasoquista - Xvideos Putaria.mp4[0m
[2025-11-12 10:07:00] [32mCopiado (faststart): Black Milf recebe massagem especial do cara branco.mp4[0m
[2025-11-12 10:07:03] [32mCopiado (faststart): Jovem loira futa foda duro seu amigo sexy com enorme creampie.mp4[0m
[2025-11-12 10:07:06] [32mCopiado (faststart): Dedico isso a todos que sonham em ser atores pornôs, sonhos se realizam rapazes !! fã de sexo anal.mp4[0m
[2025-11-12 10:07:09] [32mCopiado (faststart): Ebony body oiled and fucked well - Massage Rooms.mp4[0m
[2025-11-12 10:07:11] [32mCopiado (faststart): Massage Rooms esguichando orgasmo para uma garota preta gostosa.mp4[0m
[2025-11-12 10:07:11] [32mCopiado (faststart): Leo Santos e outro macho fazendo dp com Luiza Marcato.mp4[0m
[2025-11-12 10:07:12] [32mCopiado (faststart): Massage Rooms - fodendo gostoso Ebony babe tem um corpo escuro incrível adorado e esguicha do orgasmo.mp4[0m
[2025-11-12 10:07:13] [32mCopiado (faststart): Massage Rooms - massagem final feliz para mulher de ébano jovem com tesão com corpo em forma e peitos grandes.mp4[0m
[2025-11-12 10:07:14] [32mCopiado (faststart): Leo Santos foi mamado e comeu buceta da peituda.mp4[0m
[2025-11-12 10:07:15] [32mCopiado (faststart): NURU MASSAGE - Despedida de solteiro fica louca para o futuro noivo com massagista sexy Kira Noir.mp4[0m
[2025-11-12 10:07:19] [32mCopiado (faststart): FAMILY XXX - Padrasto Black Jax Slayher fica com a enteada excitada Lily Starfire.mp4[0m
[2025-11-12 10:07:19] 
=== RESUMO FINAL ===
[2025-11-12 10:07:19] Total: 13
[2025-11-12 10:07:19] Copiados (faststart): 13
[2025-11-12 10:07:19] Reencodados (ultrafast): 0
[2025-11-12 10:07:19] Falhas: 0
[2025-11-12 10:07:19] Tempo total: 30,16 segundos (0,50 min)
[2025-11-12 10:07:19] === FIM ===
[2025-11-12 16:20:58] === INÍCIO DO PROCESSAMENTO ===
[2025-11-12 16:20:58] Encontrados 1 arquivos para processar.
[2025-11-12 16:21:00] [32mCopiado (faststart): 399147.mp4[0m
[2025-11-12 16:21:00] 
=== RESUMO FINAL ===
[2025-11-12 16:21:00] Total: 1
[2025-11-12 16:21:00] Copiados (fast start): 1
[2025-11-12 16:21:00] Reencodados (ultrafast): 0
[2025-11-12 16:21:00] Falhas: 0
[2025-11-12 16:21:00] Tempo total: 2,18 segundos (0,04 min)
[2025-11-12 16:21:00] === FIM ===
